<?xml version="1.0" encoding="UTF-8"?>
<testsuite name="models.ReceiptTest$ListProducts" tests="4" skipped="0" failures="0" errors="0" timestamp="2023-04-12T21:41:14" hostname="DESKTOP-56KB0DN" time="0.027">
  <properties/>
  <testcase name="test findOne returns the product with the specified ID()" classname="models.ReceiptTest$ListProducts" time="0.001"/>
  <testcase name="test listProducts returns a list of products in the receipt()" classname="models.ReceiptTest$ListProducts" time="0.024"/>
  <testcase name="test numberOfProducts returns the number of products in the receipt()" classname="models.ReceiptTest$ListProducts" time="0.0"/>
  <testcase name="test findOne returns null if no product is found with the specified ID()" classname="models.ReceiptTest$ListProducts" time="0.001"/>
  <system-out><![CDATA[]]></system-out>
  <system-err><![CDATA[]]></system-err>
</testsuite>
